<?xml version="1.0" encoding="UTF-8"?>
<!-- Generated by org.testng.reporters.JUnitReportReporter -->
<testsuite skipped="0" hostname="ajit" name="com.SmokeTest" tests="1" failures="0" timestamp="06 Jun 2018 07:30:34 GMT" time="8.085" errors="0">
  <testcase name="cartTest" time="8.085" classname="com.SmokeTest"/>
</testsuite> <!-- com.SmokeTest -->
